# Derivatives solution step at time 0 performed in 1 iterations with 9.06841e-08 error
# Key for lines starting with "Step":
# Step Time TStep NIter ResErr SolErr SolConv Out
Step 0 0 0 1 9.06841e-08 0 0 1
Step 1 0.001 0.001 5 3.94419e-07 0 0 1
Step 2 0.002 0.001 8 2.59696e-07 0 0 1
Step 3 0.003 0.001 8 7.28049e-07 0 0 1
Step 4 0.004 0.001 8 2.3398e-07 0 0 1
Step 5 0.005 0.001 7 4.01033e-07 0 0 1
Step 6 0.006 0.001 7 3.61178e-07 0 0 1
Step 7 0.007 0.001 7 3.96862e-07 0 0 1
Step 8 0.008 0.001 7 7.06891e-07 0 0 1
Step 9 0.009 0.001 6 2.34598e-07 0 0 1
Step 10 0.01 0.001 6 8.05641e-07 0 0 1
Step 11 0.011 0.001 6 2.45445e-07 0 0 1
Step 12 0.012 0.001 5 6.19442e-07 0 0 1
Step 13 0.013 0.001 5 3.40489e-07 0 0 1
Step 14 0.014 0.001 5 9.50626e-07 0 0 1
Step 15 0.015 0.001 4 5.2854e-07 0 0 1
Step 16 0.016 0.001 5 2.45162e-07 0 0 1
Step 17 0.017 0.001 5 6.54423e-07 0 0 1
Step 18 0.018 0.001 4 1.03964e-07 0 0 1
Step 19 0.019 0.001 4 2.7553e-07 0 0 1
Step 20 0.02 0.001 4 8.04567e-07 0 0 1
Step 21 0.021 0.001 4 4.4849e-07 0 0 1
Step 22 0.022 0.001 4 3.3954e-07 0 0 1
Step 23 0.023 0.001 4 4.70912e-07 0 0 1
Step 24 0.024 0.001 3 8.54612e-07 0 0 1
Step 25 0.025 0.001 4 5.92262e-07 0 0 1
Step 26 0.026 0.001 4 2.49022e-07 0 0 1
Step 27 0.027 0.001 3 4.44488e-07 0 0 1
Step 28 0.028 0.001 3 3.00867e-07 0 0 1
Step 29 0.029 0.001 4 2.69931e-07 0 0 1
Step 30 0.03 0.001 3 4.78259e-07 0 0 1
Step 31 0.031 0.001 3 7.46288e-07 0 0 1
Step 32 0.032 0.001 3 4.00129e-07 0 0 1
Step 33 0.033 0.001 3 3.66692e-07 0 0 1
Step 34 0.034 0.001 3 5.86085e-07 0 0 1
Step 35 0.035 0.001 3 1.11802e-07 0 0 1
Step 36 0.036 0.001 2 6.89217e-07 0 0 1
Step 37 0.037 0.001 2 6.4308e-07 0 0 1
Step 38 0.038 0.001 3 5.56506e-07 0 0 1
Step 39 0.039 0.001 2 6.02802e-07 0 0 1
Step 40 0.04 0.001 2 5.31546e-07 0 0 1
Step 41 0.041 0.001 3 4.50799e-07 0 0 1
Step 42 0.042 0.001 2 2.21608e-07 0 0 1
Step 43 0.043 0.001 2 2.88059e-07 0 0 1
Step 44 0.044 0.001 2 7.37357e-07 0 0 1
Step 45 0.045 0.001 2 3.07676e-07 0 0 1
Step 46 0.046 0.001 2 3.4329e-07 0 0 1
Step 47 0.047 0.001 2 2.88372e-07 0 0 1
Step 48 0.048 0.001 2 2.4416e-07 0 0 1
Step 49 0.049 0.001 2 3.11664e-07 0 0 1
Step 50 0.05 0.001 2 3.01466e-07 0 0 1
Step 51 0.051 0.001 2 2.78711e-07 0 0 1
Step 52 0.052 0.001 2 2.58803e-07 0 0 1
Step 53 0.053 0.001 2 3.97775e-07 0 0 1
Step 54 0.054 0.001 2 5.42671e-07 0 0 1
Step 55 0.055 0.001 2 3.77763e-07 0 0 1
Step 56 0.056 0.001 2 1.11742e-07 0 0 1
Step 57 0.057 0.001 2 7.38897e-07 0 0 1
Step 58 0.058 0.001 2 2.54013e-07 0 0 1
Step 59 0.059 0.001 2 2.49725e-07 0 0 1
Step 60 0.06 0.001 2 3.47062e-07 0 0 1
Step 61 0.061 0.001 2 1.23317e-07 0 0 1
Step 62 0.062 0.001 2 3.13351e-07 0 0 1
Step 63 0.063 0.001 2 1.39325e-07 0 0 1
Step 64 0.064 0.001 2 2.3616e-07 0 0 1
Step 65 0.065 0.001 2 1.58605e-07 0 0 1
Step 66 0.066 0.001 2 1.80068e-07 0 0 1
Step 67 0.067 0.001 2 7.62216e-08 0 0 1
Step 68 0.068 0.001 2 3.11842e-07 0 0 1
Step 69 0.069 0.001 2 3.7754e-07 0 0 1
Step 70 0.07 0.001 2 1.78284e-07 0 0 1
Step 71 0.071 0.001 2 8.0093e-07 0 0 1
Step 72 0.072 0.001 2 5.17645e-07 0 0 1
Step 73 0.073 0.001 2 3.60283e-08 0 0 1
Step 74 0.074 0.001 2 3.95944e-07 0 0 1
Step 75 0.075 0.001 2 1.627e-07 0 0 1
Step 76 0.076 0.001 2 2.33108e-07 0 0 1
Step 77 0.077 0.001 2 5.73762e-07 0 0 1
Step 78 0.078 0.001 2 2.85553e-07 0 0 1
Step 79 0.079 0.001 2 4.73127e-07 0 0 1
Step 80 0.08 0.001 2 4.90513e-07 0 0 1
Step 81 0.081 0.001 2 3.77485e-07 0 0 1
Step 82 0.082 0.001 2 3.89943e-07 0 0 1
Step 83 0.083 0.001 2 2.43363e-07 0 0 1
Step 84 0.084 0.001 2 1.67441e-07 0 0 1
Step 85 0.085 0.001 1 1.93818e-07 0 0 1
Step 86 0.086 0.001 2 4.33717e-07 0 0 1
Step 87 0.087 0.001 2 1.83873e-07 0 0 1
Step 88 0.088 0.001 1 3.11754e-07 0 0 1
Step 89 0.089 0.001 2 1.4073e-07 0 0 1
Step 90 0.09 0.001 2 3.22714e-07 0 0 1
Step 91 0.091 0.001 1 5.93444e-07 0 0 1
Step 92 0.092 0.001 2 3.41994e-07 0 0 1
Step 93 0.093 0.001 2 3.14755e-07 0 0 1
Step 94 0.094 0.001 1 5.83575e-07 0 0 1
Step 95 0.095 0.001 2 5.23464e-07 0 0 1
Step 96 0.096 0.001 2 3.80651e-07 0 0 1
Step 97 0.097 0.001 1 1.78296e-07 0 0 1
Step 98 0.098 0.001 1 5.39932e-07 0 0 1
Step 99 0.099 0.001 1 5.50432e-07 0 0 1
Step 100 0.1 0.001 1 5.72961e-07 0 0 1
Step 101 0.101 0.001 1 4.43855e-07 0 0 1
Step 102 0.102 0.001 1 5.54902e-07 0 0 1
Step 103 0.103 0.001 1 1.3473e-07 0 0 1
Step 104 0.104 0.001 1 1.78016e-07 0 0 1
Step 105 0.105 0.001 1 2.85853e-07 0 0 1
Step 106 0.106 0.001 1 2.77377e-07 0 0 1
Step 107 0.107 0.001 1 1.82258e-07 0 0 1
Step 108 0.108 0.001 1 2.71571e-07 0 0 1
Step 109 0.109 0.001 1 2.65791e-07 0 0 1
Step 110 0.11 0.001 1 5.70674e-07 0 0 1
Step 111 0.111 0.001 1 4.2697e-07 0 0 1
Step 112 0.112 0.001 1 3.94212e-07 0 0 1
Step 113 0.113 0.001 1 1.32738e-07 0 0 1
Step 114 0.114 0.001 1 5.63879e-07 0 0 1
Step 115 0.115 0.001 1 4.29254e-07 0 0 1
Step 116 0.116 0.001 1 1.34481e-07 0 0 1
Step 117 0.117 0.001 1 4.28492e-07 0 0 1
Step 118 0.118 0.001 1 1.80331e-07 0 0 1
Step 119 0.119 0.001 1 1.80895e-07 0 0 1
Step 120 0.12 0.001 1 2.78152e-07 0 0 1
Step 121 0.121 0.001 1 5.6619e-07 0 0 1
Step 122 0.122 0.001 1 2.7965e-07 0 0 1
Step 123 0.123 0.001 1 8.76565e-07 0 0 1
Step 124 0.124 0.001 1 2.79045e-07 0 0 1
Step 125 0.125 0.001 1 5.67727e-07 0 0 1
Step 126 0.126 0.001 1 4.29785e-07 0 0 1
Step 127 0.127 0.001 1 1.33874e-07 0 0 1
Step 128 0.128 0.001 1 1.33844e-07 0 0 1
Step 129 0.129 0.001 1 1.80494e-07 0 0 1
Step 130 0.13 0.001 1 1.80371e-07 0 0 1
Step 131 0.131 0.001 1 5.65863e-07 0 0 1
Step 132 0.132 0.001 1 2.78913e-07 0 0 1
Step 133 0.133 0.001 1 5.54188e-07 0 0 1
Step 134 0.134 0.001 1 2.79357e-07 0 0 1
Step 135 0.135 0.001 1 1.33946e-07 0 0 1
Step 136 0.136 0.001 1 2.66693e-07 0 0 1
Step 137 0.137 0.001 1 1.33947e-07 0 0 1
Step 138 0.138 0.001 1 5.66002e-07 0 0 1
Step 139 0.139 0.001 1 1.80422e-07 0 0 1
Step 140 0.14 0.001 1 5.66102e-07 0 0 1
Step 141 0.141 0.001 1 5.66093e-07 0 0 1
Step 142 0.142 0.001 1 1.33821e-07 0 0 1
Step 143 0.143 0.001 1 2.79107e-07 0 0 1
Step 144 0.144 0.001 1 2.79028e-07 0 0 1
Step 145 0.145 0.001 1 1.80431e-07 0 0 1
Step 146 0.146 0.001 1 4.02272e-07 0 0 1
Step 147 0.147 0.001 1 3.93777e-07 0 0 1
Step 148 0.148 0.001 1 1.80499e-07 0 0 1
Step 149 0.149 0.001 1 1.80386e-07 0 0 1
Step 150 0.15 0.001 1 1.33795e-07 0 0 1
Step 151 0.151 0.001 1 5.66049e-07 0 0 1
Step 152 0.152 0.001 1 4.023e-07 0 0 1
Step 153 0.153 0.001 1 4.2954e-07 0 0 1
Step 154 0.154 0.001 1 4.29482e-07 0 0 1
Step 155 0.155 0.001 1 1.33783e-07 0 0 1
Step 156 0.156 0.001 1 1.80598e-07 0 0 1
Step 157 0.157 0.001 1 1.80355e-07 0 0 1
Step 158 0.158 0.001 1 1.80538e-07 0 0 1
Step 159 0.159 0.001 1 1.80492e-07 0 0 1
Step 160 0.16 0.001 1 1.80414e-07 0 0 1
Step 161 0.161 0.001 1 2.66849e-07 0 0 1
Step 162 0.162 0.001 1 4.29479e-07 0 0 1
Step 163 0.163 0.001 1 7.30518e-07 0 0 1
Step 164 0.164 0.001 1 1.80492e-07 0 0 1
Step 165 0.165 0.001 1 5.78878e-07 0 0 1
Step 166 0.166 0.001 1 1.80404e-07 0 0 1
Step 167 0.167 0.001 1 4.94576e-07 0 0 1
Step 168 0.168 0.001 1 1.8034e-07 0 0 1
Step 169 0.169 0.001 1 1.80563e-07 0 0 1
Step 170 0.17 0.001 0 7.49014e-07 0 0 1
Step 171 0.171 0.001 1 5.79441e-07 0 0 1
Step 172 0.172 0.001 1 5.67248e-07 0 0 1
Step 173 0.173 0.001 1 1.80714e-07 0 0 1
Step 174 0.174 0.001 1 2.66904e-07 0 0 1
Step 175 0.175 0.001 1 4.29537e-07 0 0 1
Step 176 0.176 0.001 1 5.67226e-07 0 0 1
Step 177 0.177 0.001 1 1.80644e-07 0 0 1
Step 178 0.178 0.001 1 1.80353e-07 0 0 1
Step 179 0.179 0.001 1 1.80548e-07 0 0 1
Step 180 0.18 0.001 1 7.30506e-07 0 0 1
Step 181 0.181 0.001 1 1.80406e-07 0 0 1
Step 182 0.182 0.001 1 1.33816e-07 0 0 1
Step 183 0.183 0.001 1 1.8067e-07 0 0 1
Step 184 0.184 0.001 1 1.80293e-07 0 0 1
Step 185 0.185 0.001 1 1.80529e-07 0 0 1
Step 186 0.186 0.001 1 5.6603e-07 0 0 1
Step 187 0.187 0.001 1 1.80548e-07 0 0 1
Step 188 0.188 0.001 1 5.67196e-07 0 0 1
Step 189 0.189 0.001 1 5.66085e-07 0 0 1
Step 190 0.19 0.001 1 1.80539e-07 0 0 1
Step 191 0.191 0.001 1 5.67165e-07 0 0 1
Step 192 0.192 0.001 1 1.80649e-07 0 0 1
Step 193 0.193 0.001 1 1.80451e-07 0 0 1
Step 194 0.194 0.001 1 1.80399e-07 0 0 1
Step 195 0.195 0.001 1 1.80573e-07 0 0 1
Step 196 0.196 0.001 1 1.80481e-07 0 0 1
Step 197 0.197 0.001 1 1.8041e-07 0 0 1
Step 198 0.198 0.001 0 5.67536e-07 0 0 1
Step 199 0.199 0.001 1 1.80638e-07 0 0 1
Step 200 0.2 0.001 2 3.99461e-07 0 0 1
Step 201 0.201 0.001 2 9.83487e-08 0 0 1
Step 202 0.202 0.001 2 4.62567e-07 0 0 1
Step 203 0.203 0.001 2 8.27073e-07 0 0 1
Step 204 0.204 0.001 2 1.87152e-07 0 0 1
Step 205 0.205 0.001 2 3.75948e-07 0 0 1
Step 206 0.206 0.001 2 4.02784e-07 0 0 1
Step 207 0.207 0.001 2 3.34823e-07 0 0 1
Step 208 0.208 0.001 2 6.23971e-07 0 0 1
Step 209 0.209 0.001 2 2.32789e-07 0 0 1
Step 210 0.21 0.001 2 2.32595e-07 0 0 1
Step 211 0.211 0.001 2 1.79549e-07 0 0 1
Step 212 0.212 0.001 2 5.62809e-07 0 0 1
Step 213 0.213 0.001 2 4.54382e-07 0 0 1
Step 214 0.214 0.001 2 1.74242e-07 0 0 1
Step 215 0.215 0.001 2 3.12941e-07 0 0 1
Step 216 0.216 0.001 2 6.63874e-07 0 0 1
Step 217 0.217 0.001 2 1.41962e-07 0 0 1
Step 218 0.218 0.001 2 4.34778e-07 0 0 1
Step 219 0.219 0.001 2 5.93772e-07 0 0 1
Step 220 0.22 0.001 2 1.26533e-07 0 0 1
Step 221 0.221 0.001 2 8.4875e-07 0 0 1
Step 222 0.222 0.001 2 6.02815e-07 0 0 1
Step 223 0.223 0.001 2 5.29766e-08 0 0 1
Step 224 0.224 0.001 2 5.83971e-07 0 0 1
Step 225 0.225 0.001 2 3.31431e-07 0 0 1
Step 226 0.226 0.001 2 2.99008e-07 0 0 1
Step 227 0.227 0.001 2 6.48429e-07 0 0 1
Step 228 0.228 0.001 2 4.02268e-07 0 0 1
Step 229 0.229 0.001 2 3.34859e-07 0 0 1
Step 230 0.23 0.001 2 2.32015e-07 0 0 1
Step 231 0.231 0.001 2 4.00754e-07 0 0 1
Step 232 0.232 0.001 2 2.97748e-07 0 0 1
Step 233 0.233 0.001 2 4.98923e-07 0 0 1
Step 234 0.234 0.001 2 5.25396e-07 0 0 1
Step 235 0.235 0.001 2 2.13842e-07 0 0 1
Step 236 0.236 0.001 2 7.60131e-08 0 0 1
Step 237 0.237 0.001 2 2.43504e-07 0 0 1
Step 238 0.238 0.001 2 3.29368e-07 0 0 1
Step 239 0.239 0.001 2 2.41614e-07 0 0 1
Step 240 0.24 0.001 1 1.00556e-07 0 0 1
Step 241 0.241 0.001 2 8.51693e-08 0 0 1
Step 242 0.242 0.001 2 4.39262e-07 0 0 1
Step 243 0.243 0.001 1 2.09724e-07 0 0 1
Step 244 0.244 0.001 1 7.2164e-07 0 0 1
Step 245 0.245 0.001 1 3.80318e-07 0 0 1
Step 246 0.246 0.001 1 2.38949e-07 0 0 1
Step 247 0.247 0.001 1 3.93447e-07 0 0 1
Step 248 0.248 0.001 1 1.64681e-07 0 0 1
Step 249 0.249 0.001 1 1.18077e-07 0 0 1
Step 250 0.25 0.001 1 1.47524e-07 0 0 1
Step 251 0.251 0.001 1 4.57506e-07 0 0 1
Step 252 0.252 0.001 1 3.06142e-07 0 0 1
Step 253 0.253 0.001 1 2.05799e-07 0 0 1
Step 254 0.254 0.001 1 2.43395e-07 0 0 1
Step 255 0.255 0.001 1 2.65462e-07 0 0 1
Step 256 0.256 0.001 1 2.57227e-07 0 0 1
Step 257 0.257 0.001 1 4.25869e-07 0 0 1
Step 258 0.258 0.001 1 3.30052e-07 0 0 1
Step 259 0.259 0.001 1 2.42343e-07 0 0 1
Step 260 0.26 0.001 2 7.40924e-07 0 0 1
Step 261 0.261 0.001 1 2.68887e-07 0 0 1
Step 262 0.262 0.001 1 1.41875e-07 0 0 1
Step 263 0.263 0.001 1 9.10348e-08 0 0 1
Step 264 0.264 0.001 1 1.65594e-07 0 0 1
Step 265 0.265 0.001 1 3.45493e-07 0 0 1
Step 266 0.266 0.001 1 4.528e-08 0 0 1
Step 267 0.267 0.001 1 4.42413e-07 0 0 1
Step 268 0.268 0.001 1 7.47257e-07 0 0 1
Step 269 0.269 0.001 1 2.68712e-07 0 0 1
Step 270 0.27 0.001 1 9.35122e-08 0 0 1
Step 271 0.271 0.001 1 3.97341e-07 0 0 1
Step 272 0.272 0.001 1 2.44743e-07 0 0 1
Step 273 0.273 0.001 1 1.38209e-07 0 0 1
Step 274 0.274 0.001 1 1.27772e-07 0 0 1
Step 275 0.275 0.001 1 8.70315e-08 0 0 1
Step 276 0.276 0.001 1 3.37818e-07 0 0 1
Step 277 0.277 0.001 1 1.82687e-07 0 0 1
Step 278 0.278 0.001 1 4.73832e-07 0 0 1
Step 279 0.279 0.001 1 2.17068e-07 0 0 1
Step 280 0.28 0.001 1 3.00497e-07 0 0 1
Step 281 0.281 0.001 1 2.7667e-07 0 0 1
Step 282 0.282 0.001 1 2.03279e-07 0 0 1
Step 283 0.283 0.001 1 6.9584e-07 0 0 1
Step 284 0.284 0.001 1 6.48201e-07 0 0 1
Step 285 0.285 0.001 1 4.44472e-07 0 0 1
Step 286 0.286 0.001 1 5.35658e-07 0 0 1
Step 287 0.287 0.001 1 1.92821e-07 0 0 1
Step 288 0.288 0.001 1 2.9491e-07 0 0 1
Step 289 0.289 0.001 1 1.08368e-07 0 0 1
Step 290 0.29 0.001 1 6.61554e-07 0 0 1
Step 291 0.291 0.001 1 3.10368e-07 0 0 1
Step 292 0.292 0.001 1 2.58769e-07 0 0 1
Step 293 0.293 0.001 1 2.66815e-07 0 0 1
Step 294 0.294 0.001 1 4.97169e-07 0 0 1
Step 295 0.295 0.001 1 4.1113e-07 0 0 1
Step 296 0.296 0.001 1 9.07195e-08 0 0 1
Step 297 0.297 0.001 1 2.86214e-07 0 0 1
Step 298 0.298 0.001 1 2.22673e-07 0 0 1
Step 299 0.299 0.001 1 4.56779e-07 0 0 1
Step 300 0.3 0.001 1 3.76585e-07 0 0 1
Step 301 0.301 0.001 1 2.13625e-07 0 0 1
Step 302 0.302 0.001 1 1.36987e-07 0 0 1
Step 303 0.303 0.001 1 9.67273e-08 0 0 1
Step 304 0.304 0.001 1 4.73735e-07 0 0 1
Step 305 0.305 0.001 1 2.42714e-07 0 0 1
Step 306 0.306 0.001 1 3.04254e-07 0 0 1
Step 307 0.307 0.001 1 1.93124e-07 0 0 1
Step 308 0.308 0.001 1 6.18472e-07 0 0 1
Step 309 0.309 0.001 1 4.00923e-07 0 0 1
Step 310 0.31 0.001 1 2.57488e-07 0 0 1
Step 311 0.311 0.001 1 3.05721e-07 0 0 1
Step 312 0.312 0.001 1 5.90279e-07 0 0 1
Step 313 0.313 0.001 1 4.88983e-07 0 0 1
Step 314 0.314 0.001 1 8.23786e-07 0 0 1
Step 315 0.315 0.001 1 7.2802e-08 0 0 1
Step 316 0.316 0.001 1 1.71232e-07 0 0 1
Step 317 0.317 0.001 1 3.21481e-07 0 0 1
Step 318 0.318 0.001 1 2.5328e-07 0 0 1
Step 319 0.319 0.001 1 5.2074e-07 0 0 1
Step 320 0.32 0.001 1 3.22411e-07 0 0 1
Step 321 0.321 0.001 1 1.87937e-07 0 0 1
Step 322 0.322 0.001 1 7.84556e-07 0 0 1
Step 323 0.323 0.001 1 4.21756e-07 0 0 1
Step 324 0.324 0.001 1 1.81588e-07 0 0 1
Step 325 0.325 0.001 1 4.76068e-07 0 0 1
Step 326 0.326 0.001 1 3.27441e-07 0 0 1
Step 327 0.327 0.001 1 8.36763e-08 0 0 1
Step 328 0.328 0.001 1 4.04674e-07 0 0 1
Step 329 0.329 0.001 1 2.10532e-07 0 0 1
Step 330 0.33 0.001 1 4.40953e-07 0 0 1
Step 331 0.331 0.001 1 2.95873e-07 0 0 1
Step 332 0.332 0.001 1 5.1993e-07 0 0 1
Step 333 0.333 0.001 1 1.34077e-07 0 0 1
Step 334 0.334 0.001 1 2.81787e-07 0 0 1
Step 335 0.335 0.001 1 3.04921e-07 0 0 1
Step 336 0.336 0.001 1 3.06151e-07 0 0 1
Step 337 0.337 0.001 1 4.24057e-07 0 0 1
Step 338 0.338 0.001 1 9.8856e-08 0 0 1
Step 339 0.339 0.001 1 2.60396e-07 0 0 1
Step 340 0.34 0.001 1 3.73826e-07 0 0 1
Step 341 0.341 0.001 1 1.45248e-07 0 0 1
Step 342 0.342 0.001 1 2.14343e-07 0 0 1
Step 343 0.343 0.001 1 9.99089e-08 0 0 1
Step 344 0.344 0.001 1 5.77848e-07 0 0 1
Step 345 0.345 0.001 1 5.38593e-07 0 0 1
Step 346 0.346 0.001 1 8.85451e-07 0 0 1
Step 347 0.347 0.001 1 5.73414e-07 0 0 1
Step 348 0.348 0.001 1 2.03783e-07 0 0 1
Step 349 0.349 0.001 1 1.66617e-07 0 0 1
Step 350 0.35 0.001 1 2.30422e-07 0 0 1
Step 351 0.351 0.001 1 3.89907e-07 0 0 1
Step 352 0.352 0.001 1 1.63225e-07 0 0 1
Step 353 0.353 0.001 1 6.08904e-07 0 0 1
Step 354 0.354 0.001 1 8.05823e-08 0 0 1
Step 355 0.355 0.001 1 2.84276e-07 0 0 1
Step 356 0.356 0.001 1 2.11537e-07 0 0 1
Step 357 0.357 0.001 1 6.46659e-07 0 0 1
Step 358 0.358 0.001 1 3.72931e-07 0 0 1
Step 359 0.359 0.001 1 3.36819e-07 0 0 1
Step 360 0.36 0.001 1 2.30559e-07 0 0 1
Step 361 0.361 0.001 1 1.55937e-07 0 0 1
Step 362 0.362 0.001 1 8.67738e-08 0 0 1
Step 363 0.363 0.001 1 2.66648e-08 0 0 1
Step 364 0.364 0.001 1 5.80675e-07 0 0 1
Step 365 0.365 0.001 1 1.38248e-07 0 0 1
Step 366 0.366 0.001 1 1.24155e-07 0 0 1
Step 367 0.367 0.001 1 2.83393e-07 0 0 1
Step 368 0.368 0.001 1 2.91017e-07 0 0 1
Step 369 0.369 0.001 1 2.26372e-07 0 0 1
Step 370 0.37 0.001 1 3.76499e-07 0 0 1
Step 371 0.371 0.001 1 1.28554e-07 0 0 1
Step 372 0.372 0.001 1 5.0241e-07 0 0 1
Step 373 0.373 0.001 1 2.74835e-07 0 0 1
Step 374 0.374 0.001 1 2.11628e-07 0 0 1
Step 375 0.375 0.001 1 3.99417e-07 0 0 1
Step 376 0.376 0.001 1 1.69819e-07 0 0 1
Step 377 0.377 0.001 1 9.04044e-07 0 0 1
Step 378 0.378 0.001 1 2.96406e-07 0 0 1
Step 379 0.379 0.001 1 2.78737e-07 0 0 1
Step 380 0.38 0.001 1 2.19379e-07 0 0 1
Step 381 0.381 0.001 1 1.33389e-07 0 0 1
Step 382 0.382 0.001 1 3.68899e-07 0 0 1
Step 383 0.383 0.001 1 3.33581e-07 0 0 1
Step 384 0.384 0.001 1 6.28301e-07 0 0 1
Step 385 0.385 0.001 1 2.75367e-07 0 0 1
Step 386 0.386 0.001 1 6.19783e-07 0 0 1
Step 387 0.387 0.001 1 2.81694e-08 0 0 1
Step 388 0.388 0.001 1 3.82119e-07 0 0 1
Step 389 0.389 0.001 1 7.23162e-07 0 0 1
Step 390 0.39 0.001 1 2.14968e-07 0 0 1
Step 391 0.391 0.001 1 6.01611e-07 0 0 1
Step 392 0.392 0.001 1 8.26698e-07 0 0 1
Step 393 0.393 0.001 1 1.76833e-07 0 0 1
Step 394 0.394 0.001 1 2.17269e-07 0 0 1
Step 395 0.395 0.001 1 4.39768e-07 0 0 1
Step 396 0.396 0.001 1 6.27615e-07 0 0 1
Step 397 0.397 0.001 1 1.74454e-07 0 0 1
Step 398 0.398 0.001 1 2.28599e-07 0 0 1
Step 399 0.399 0.001 1 4.33056e-07 0 0 1
Step 400 0.4 0.001 1 1.86283e-07 0 0 1
Step 401 0.401 0.001 1 9.02227e-07 0 0 1
Step 402 0.402 0.001 1 6.22285e-08 0 0 1
Step 403 0.403 0.001 1 2.68113e-07 0 0 1
Step 404 0.404 0.001 1 4.37152e-07 0 0 1
Step 405 0.405 0.001 1 4.5646e-07 0 0 1
Step 406 0.406 0.001 1 5.80147e-07 0 0 1
Step 407 0.407 0.001 1 2.48528e-08 0 0 1
Step 408 0.408 0.001 1 3.57899e-07 0 0 1
Step 409 0.409 0.001 1 1.71265e-07 0 0 1
Step 410 0.41 0.001 1 2.4188e-07 0 0 1
Step 411 0.411 0.001 1 5.84995e-08 0 0 1
Step 412 0.412 0.001 1 5.77343e-07 0 0 1
Step 413 0.413 0.001 1 1.65421e-07 0 0 1
Step 414 0.414 0.001 1 2.35325e-07 0 0 1
Step 415 0.415 0.001 1 3.06787e-07 0 0 1
Step 416 0.416 0.001 1 5.35844e-07 0 0 1
Step 417 0.417 0.001 1 1.79836e-07 0 0 1
Step 418 0.418 0.001 1 1.25327e-07 0 0 1
Step 419 0.419 0.001 1 2.37265e-07 0 0 1
Step 420 0.42 0.001 1 1.78315e-07 0 0 1
Step 421 0.421 0.001 1 5.66259e-07 0 0 1
Step 422 0.422 0.001 1 2.55287e-07 0 0 1
Step 423 0.423 0.001 1 4.00884e-07 0 0 1
Step 424 0.424 0.001 1 6.93175e-07 0 0 1
Step 425 0.425 0.001 1 9.81946e-08 0 0 1
Step 426 0.426 0.001 1 2.64907e-08 0 0 1
Step 427 0.427 0.001 1 4.90517e-08 0 0 1
Step 428 0.428 0.001 1 1.21518e-07 0 0 1
Step 429 0.429 0.001 1 4.3651e-07 0 0 1
Step 430 0.43 0.001 1 3.662e-07 0 0 1
Step 431 0.431 0.001 1 3.40205e-07 0 0 1
Step 432 0.432 0.001 1 5.08736e-07 0 0 1
Step 433 0.433 0.001 1 1.70265e-07 0 0 1
Step 434 0.434 0.001 1 4.30894e-07 0 0 1
Step 435 0.435 0.001 1 2.29488e-07 0 0 1
Step 436 0.436 0.001 1 1.40553e-07 0 0 1
Step 437 0.437 0.001 1 1.94648e-07 0 0 1
Step 438 0.438 0.001 1 3.84911e-07 0 0 1
Step 439 0.439 0.001 1 3.8549e-07 0 0 1
Step 440 0.44 0.001 1 2.15361e-07 0 0 1
Step 441 0.441 0.001 1 2.82387e-07 0 0 1
Step 442 0.442 0.001 1 4.9351e-07 0 0 1
Step 443 0.443 0.001 1 4.12017e-07 0 0 1
Step 444 0.444 0.001 1 4.81557e-07 0 0 1
Step 445 0.445 0.001 1 7.93198e-08 0 0 1
Step 446 0.446 0.001 1 3.05366e-07 0 0 1
Step 447 0.447 0.001 1 6.65429e-08 0 0 1
Step 448 0.448 0.001 1 1.39189e-07 0 0 1
Step 449 0.449 0.001 1 4.20736e-07 0 0 1
Step 450 0.45 0.001 1 6.02949e-08 0 0 1
Step 451 0.451 0.001 1 7.39913e-08 0 0 1
Step 452 0.452 0.001 1 3.28534e-07 0 0 1
Step 453 0.453 0.001 1 4.58035e-07 0 0 1
Step 454 0.454 0.001 1 1.24376e-07 0 0 1
Step 455 0.455 0.001 1 3.29467e-07 0 0 1
Step 456 0.456 0.001 1 2.71608e-07 0 0 1
Step 457 0.457 0.001 1 2.22666e-07 0 0 1
Step 458 0.458 0.001 1 1.89184e-07 0 0 1
Step 459 0.459 0.001 1 1.63589e-07 0 0 1
Step 460 0.46 0.001 1 4.11433e-07 0 0 1
Step 461 0.461 0.001 1 7.37317e-08 0 0 1
Step 462 0.462 0.001 1 5.94051e-08 0 0 1
Step 463 0.463 0.001 1 2.43194e-07 0 0 1
Step 464 0.464 0.001 1 1.76635e-07 0 0 1
Step 465 0.465 0.001 1 3.48888e-07 0 0 1
Step 466 0.466 0.001 1 3.20689e-07 0 0 1
Step 467 0.467 0.001 1 7.78149e-08 0 0 1
Step 468 0.468 0.001 1 1.49804e-07 0 0 1
Step 469 0.469 0.001 1 4.16077e-07 0 0 1
Step 470 0.47 0.001 1 3.48626e-07 0 0 1
Step 471 0.471 0.001 1 2.74944e-07 0 0 1
Step 472 0.472 0.001 1 5.2382e-07 0 0 1
Step 473 0.473 0.001 1 6.74239e-07 0 0 1
Step 474 0.474 0.001 1 4.5431e-07 0 0 1
Step 475 0.475 0.001 1 1.42851e-07 0 0 1
Step 476 0.476 0.001 1 1.37272e-07 0 0 1
Step 477 0.477 0.001 1 4.9711e-07 0 0 1
Step 478 0.478 0.001 1 1.07545e-07 0 0 1
Step 479 0.479 0.001 1 2.03168e-07 0 0 1
Step 480 0.48 0.001 1 5.23605e-07 0 0 1
Step 481 0.481 0.001 1 2.61105e-07 0 0 1
Step 482 0.482 0.001 1 7.91104e-07 0 0 1
Step 483 0.483 0.001 1 4.51086e-07 0 0 1
Step 484 0.484 0.001 1 2.77341e-07 0 0 1
Step 485 0.485 0.001 1 3.69598e-07 0 0 1
Step 486 0.486 0.001 1 5.27747e-07 0 0 1
Step 487 0.487 0.001 1 2.48381e-07 0 0 1
Step 488 0.488 0.001 1 1.55247e-07 0 0 1
Step 489 0.489 0.001 1 4.1502e-07 0 0 1
Step 490 0.49 0.001 1 1.00921e-07 0 0 1
Step 491 0.491 0.001 1 2.52656e-07 0 0 1
Step 492 0.492 0.001 1 5.35678e-07 0 0 1
Step 493 0.493 0.001 1 3.59219e-07 0 0 1
Step 494 0.494 0.001 1 5.43476e-07 0 0 1
Step 495 0.495 0.001 1 3.72478e-07 0 0 1
Step 496 0.496 0.001 1 8.88527e-07 0 0 1
Step 497 0.497 0.001 1 5.7113e-07 0 0 1
Step 498 0.498 0.001 1 3.74128e-07 0 0 1
Step 499 0.499 0.001 1 4.41761e-07 0 0 1
Step 500 0.5 0.001 1 4.60745e-07 0 0 1
Step 501 0.501 0.001 1 4.92274e-08 0 0 1
Step 502 0.502 0.001 1 5.59465e-07 0 0 1
Step 503 0.503 0.001 1 2.24053e-07 0 0 1
Step 504 0.504 0.001 1 3.95158e-07 0 0 1
Step 505 0.505 0.001 1 9.8699e-08 0 0 1
Step 506 0.506 0.001 1 3.07588e-07 0 0 1
Step 507 0.507 0.001 1 2.14469e-07 0 0 1
Step 508 0.508 0.001 1 3.31058e-07 0 0 1
Step 509 0.509 0.001 1 3.87464e-07 0 0 1
Step 510 0.51 0.001 1 4.44706e-07 0 0 1
Step 511 0.511 0.001 1 3.63836e-07 0 0 1
Step 512 0.512 0.001 1 2.76073e-07 0 0 1
Step 513 0.513 0.001 1 5.04303e-07 0 0 1
Step 514 0.514 0.001 1 1.07413e-07 0 0 1
Step 515 0.515 0.001 1 1.54602e-07 0 0 1
Step 516 0.516 0.001 1 2.15312e-07 0 0 1
Step 517 0.517 0.001 1 4.89636e-08 0 0 1
Step 518 0.518 0.001 1 2.80606e-07 0 0 1
Step 519 0.519 0.001 1 7.3298e-07 0 0 1
Step 520 0.52 0.001 1 4.12429e-07 0 0 1
Step 521 0.521 0.001 1 2.43197e-07 0 0 1
Step 522 0.522 0.001 1 4.41114e-08 0 0 1
Step 523 0.523 0.001 1 8.85721e-08 0 0 1
Step 524 0.524 0.001 1 3.51969e-07 0 0 1
Step 525 0.525 0.001 1 4.03788e-07 0 0 1
Step 526 0.526 0.001 1 2.02123e-07 0 0 1
Step 527 0.527 0.001 1 6.12633e-07 0 0 1
Step 528 0.528 0.001 1 2.572e-07 0 0 1
Step 529 0.529 0.001 1 3.43609e-07 0 0 1
Step 530 0.53 0.001 1 7.27625e-07 0 0 1
Step 531 0.531 0.001 1 1.89145e-07 0 0 1
Step 532 0.532 0.001 1 4.22714e-07 0 0 1
Step 533 0.533 0.001 1 8.43502e-07 0 0 1
Step 534 0.534 0.001 1 3.67933e-07 0 0 1
Step 535 0.535 0.001 1 1.09726e-07 0 0 1
Step 536 0.536 0.001 1 2.64184e-07 0 0 1
Step 537 0.537 0.001 1 3.83753e-07 0 0 1
Step 538 0.538 0.001 1 2.32525e-08 0 0 1
Step 539 0.539 0.001 1 3.83453e-07 0 0 1
Step 540 0.54 0.001 1 7.26682e-07 0 0 1
Step 541 0.541 0.001 1 2.06884e-07 0 0 1
Step 542 0.542 0.001 1 6.25201e-07 0 0 1
Step 543 0.543 0.001 1 3.04274e-07 0 0 1
Step 544 0.544 0.001 1 2.95706e-07 0 0 1
Step 545 0.545 0.001 1 3.49477e-07 0 0 1
Step 546 0.546 0.001 1 4.23185e-07 0 0 1
Step 547 0.547 0.001 1 1.78724e-07 0 0 1
Step 548 0.548 0.001 1 4.11141e-07 0 0 1
Step 549 0.549 0.001 1 2.3261e-07 0 0 1
Step 550 0.55 0.001 1 2.8583e-07 0 0 1
Step 551 0.551 0.001 1 7.2021e-07 0 0 1
Step 552 0.552 0.001 1 2.45825e-07 0 0 1
Step 553 0.553 0.001 1 2.38766e-07 0 0 1
Step 554 0.554 0.001 1 3.22559e-07 0 0 1
Step 555 0.555 0.001 1 5.67938e-07 0 0 1
Step 556 0.556 0.001 1 5.00852e-07 0 0 1
Step 557 0.557 0.001 1 4.15659e-07 0 0 1
Step 558 0.558 0.001 1 4.67584e-07 0 0 1
Step 559 0.559 0.001 1 6.15758e-07 0 0 1
Step 560 0.56 0.001 1 1.3279e-07 0 0 1
Step 561 0.561 0.001 1 1.93288e-07 0 0 1
Step 562 0.562 0.001 1 2.58371e-07 0 0 1
Step 563 0.563 0.001 1 3.70128e-07 0 0 1
Step 564 0.564 0.001 1 2.26652e-07 0 0 1
Step 565 0.565 0.001 1 2.82473e-07 0 0 1
Step 566 0.566 0.001 1 2.65758e-07 0 0 1
Step 567 0.567 0.001 1 1.06344e-07 0 0 1
Step 568 0.568 0.001 1 1.62006e-07 0 0 1
Step 569 0.569 0.001 1 9.39424e-08 0 0 1
Step 570 0.57 0.001 1 2.91463e-07 0 0 1
Step 571 0.571 0.001 1 8.97358e-07 0 0 1
Step 572 0.572 0.001 1 7.34241e-07 0 0 1
Step 573 0.573 0.001 1 4.10079e-07 0 0 1
Step 574 0.574 0.001 1 2.52717e-07 0 0 1
Step 575 0.575 0.001 1 3.76276e-07 0 0 1
Step 576 0.576 0.001 1 2.06345e-07 0 0 1
Step 577 0.577 0.001 1 2.06652e-07 0 0 1
Step 578 0.578 0.001 1 6.90238e-07 0 0 1
Step 579 0.579 0.001 1 6.86484e-07 0 0 1
Step 580 0.58 0.001 1 6.24339e-07 0 0 1
Step 581 0.581 0.001 1 1.25112e-07 0 0 1
Step 582 0.582 0.001 1 2.41791e-07 0 0 1
Step 583 0.583 0.001 1 2.58286e-07 0 0 1
Step 584 0.584 0.001 1 3.2911e-07 0 0 1
Step 585 0.585 0.001 1 1.20779e-07 0 0 1
Step 586 0.586 0.001 1 3.61697e-07 0 0 1
Step 587 0.587 0.001 1 2.14966e-08 0 0 1
Step 588 0.588 0.001 1 4.00934e-07 0 0 1
Step 589 0.589 0.001 1 3.97218e-07 0 0 1
Step 590 0.59 0.001 1 1.02094e-07 0 0 1
Step 591 0.591 0.001 1 2.92754e-07 0 0 1
Step 592 0.592 0.001 1 2.79863e-07 0 0 1
Step 593 0.593 0.001 1 1.39092e-07 0 0 1
Step 594 0.594 0.001 1 1.75857e-07 0 0 1
Step 595 0.595 0.001 1 4.06947e-07 0 0 1
Step 596 0.596 0.001 1 4.97145e-07 0 0 1
Step 597 0.597 0.001 1 1.5328e-07 0 0 1
Step 598 0.598 0.001 1 3.93726e-07 0 0 1
Step 599 0.599 0.001 1 2.23205e-07 0 0 1
Step 600 0.6 0.001 1 2.23723e-07 0 0 1
Step 601 0.601 0.001 1 4.59034e-07 0 0 1
Step 602 0.602 0.001 1 3.95775e-07 0 0 1
Step 603 0.603 0.001 1 2.89798e-07 0 0 1
Step 604 0.604 0.001 1 5.2589e-08 0 0 1
Step 605 0.605 0.001 1 1.1941e-07 0 0 1
Step 606 0.606 0.001 1 4.43951e-07 0 0 1
Step 607 0.607 0.001 1 3.30927e-07 0 0 1
Step 608 0.608 0.001 1 5.19082e-07 0 0 1
Step 609 0.609 0.001 1 4.46118e-07 0 0 1
Step 610 0.61 0.001 1 2.01819e-07 0 0 1
Step 611 0.611 0.001 1 4.40599e-07 0 0 1
Step 612 0.612 0.001 1 1.34919e-07 0 0 1
Step 613 0.613 0.001 1 3.2748e-07 0 0 1
Step 614 0.614 0.001 1 4.29887e-07 0 0 1
Step 615 0.615 0.001 1 4.97277e-07 0 0 1
Step 616 0.616 0.001 1 1.00048e-07 0 0 1
Step 617 0.617 0.001 1 1.41014e-07 0 0 1
Step 618 0.618 0.001 1 3.58529e-07 0 0 1
Step 619 0.619 0.001 1 5.79972e-07 0 0 1
Step 620 0.62 0.001 1 1.69477e-08 0 0 1
Step 621 0.621 0.001 1 5.53267e-07 0 0 1
Step 622 0.622 0.001 1 1.74555e-07 0 0 1
Step 623 0.623 0.001 1 1.13362e-07 0 0 1
Step 624 0.624 0.001 1 4.82342e-07 0 0 1
Step 625 0.625 0.001 1 7.11762e-08 0 0 1
Step 626 0.626 0.001 1 1.21747e-07 0 0 1
Step 627 0.627 0.001 1 3.55481e-07 0 0 1
Step 628 0.628 0.001 1 1.67654e-07 0 0 1
Step 629 0.629 0.001 1 3.1435e-07 0 0 1
Step 630 0.63 0.001 1 2.28996e-07 0 0 1
Step 631 0.631 0.001 1 8.56653e-07 0 0 1
Step 632 0.632 0.001 1 2.33938e-07 0 0 1
Step 633 0.633 0.001 1 1.05217e-07 0 0 1
Step 634 0.634 0.001 1 1.51514e-07 0 0 1
Step 635 0.635 0.001 1 5.21126e-07 0 0 1
Step 636 0.636 0.001 1 4.99344e-08 0 0 1
Step 637 0.637 0.001 1 3.35858e-07 0 0 1
Step 638 0.638 0.001 1 6.17004e-07 0 0 1
Step 639 0.639 0.001 1 4.66477e-07 0 0 1
Step 640 0.64 0.001 1 7.26343e-07 0 0 1
Step 641 0.641 0.001 1 3.50981e-07 0 0 1
Step 642 0.642 0.001 1 8.09048e-08 0 0 1
Step 643 0.643 0.001 1 5.38062e-07 0 0 1
Step 644 0.644 0.001 1 3.5959e-07 0 0 1
Step 645 0.645 0.001 1 1.64499e-07 0 0 1
Step 646 0.646 0.001 1 1.41587e-07 0 0 1
Step 647 0.647 0.001 1 2.31043e-07 0 0 1
Step 648 0.648 0.001 1 4.55569e-07 0 0 1
Step 649 0.649 0.001 1 3.39588e-07 0 0 1
Step 650 0.65 0.001 1 2.19636e-07 0 0 1
Step 651 0.651 0.001 1 9.83857e-07 0 0 1
Step 652 0.652 0.001 1 3.54321e-07 0 0 1
Step 653 0.653 0.001 1 2.80273e-07 0 0 1
Step 654 0.654 0.001 1 6.52148e-07 0 0 1
Step 655 0.655 0.001 1 8.99403e-08 0 0 1
Step 656 0.656 0.001 1 5.34173e-07 0 0 1
Step 657 0.657 0.001 1 5.33695e-07 0 0 1
Step 658 0.658 0.001 1 7.24133e-08 0 0 1
Step 659 0.659 0.001 1 2.93511e-07 0 0 1
Step 660 0.66 0.001 1 1.37549e-07 0 0 1
Step 661 0.661 0.001 1 3.86387e-07 0 0 1
Step 662 0.662 0.001 1 7.10127e-07 0 0 1
Step 663 0.663 0.001 1 3.97221e-07 0 0 1
Step 664 0.664 0.001 1 1.59728e-07 0 0 1
Step 665 0.665 0.001 1 2.77255e-07 0 0 1
Step 666 0.666 0.001 1 7.5796e-08 0 0 1
Step 667 0.667 0.001 1 9.47748e-08 0 0 1
Step 668 0.668 0.001 1 4.54542e-07 0 0 1
Step 669 0.669 0.001 1 2.50557e-07 0 0 1
Step 670 0.67 0.001 1 3.61691e-07 0 0 1
Step 671 0.671 0.001 1 3.30457e-07 0 0 1
Step 672 0.672 0.001 1 8.3578e-08 0 0 1
Step 673 0.673 0.001 1 1.74639e-07 0 0 1
Step 674 0.674 0.001 1 1.2037e-07 0 0 1
Step 675 0.675 0.001 1 3.63878e-07 0 0 1
Step 676 0.676 0.001 1 9.25045e-07 0 0 1
Step 677 0.677 0.001 1 4.46049e-07 0 0 1
Step 678 0.678 0.001 1 2.05955e-07 0 0 1
Step 679 0.679 0.001 1 3.92629e-07 0 0 1
Step 680 0.68 0.001 1 6.64901e-07 0 0 1
Step 681 0.681 0.001 1 5.06565e-07 0 0 1
Step 682 0.682 0.001 1 5.66105e-07 0 0 1
Step 683 0.683 0.001 1 6.70359e-08 0 0 1
Step 684 0.684 0.001 1 2.6003e-07 0 0 1
Step 685 0.685 0.001 1 5.06812e-07 0 0 1
Step 686 0.686 0.001 1 5.00077e-07 0 0 1
Step 687 0.687 0.001 1 6.49281e-08 0 0 1
Step 688 0.688 0.001 1 3.12843e-07 0 0 1
Step 689 0.689 0.001 1 6.94503e-08 0 0 1
Step 690 0.69 0.001 1 1.95184e-07 0 0 1
Step 691 0.691 0.001 1 2.09256e-07 0 0 1
Step 692 0.692 0.001 1 3.85501e-07 0 0 1
Step 693 0.693 0.001 1 6.35076e-07 0 0 1
Step 694 0.694 0.001 1 1.31017e-07 0 0 1
Step 695 0.695 0.001 1 2.28522e-07 0 0 1
Step 696 0.696 0.001 1 3.68363e-07 0 0 1
Step 697 0.697 0.001 1 1.44322e-07 0 0 1
Step 698 0.698 0.001 1 1.83117e-07 0 0 1
Step 699 0.699 0.001 1 1.19104e-07 0 0 1
Step 700 0.7 0.001 1 5.44238e-07 0 0 1
Step 701 0.701 0.001 1 2.60953e-07 0 0 1
Step 702 0.702 0.001 1 9.94396e-08 0 0 1
Step 703 0.703 0.001 1 1.55317e-07 0 0 1
Step 704 0.704 0.001 1 7.20322e-07 0 0 1
Step 705 0.705 0.001 1 3.80712e-08 0 0 1
Step 706 0.706 0.001 1 2.83767e-07 0 0 1
Step 707 0.707 0.001 1 2.25546e-07 0 0 1
Step 708 0.708 0.001 1 1.72008e-07 0 0 1
Step 709 0.709 0.001 1 3.67526e-07 0 0 1
Step 710 0.71 0.001 1 2.50184e-07 0 0 1
Step 711 0.711 0.001 1 1.27025e-07 0 0 1
Step 712 0.712 0.001 1 1.46551e-07 0 0 1
Step 713 0.713 0.001 1 3.34816e-07 0 0 1
Step 714 0.714 0.001 1 2.70624e-07 0 0 1
Step 715 0.715 0.001 1 4.46673e-07 0 0 1
Step 716 0.716 0.001 1 6.32163e-07 0 0 1
Step 717 0.717 0.001 1 3.8179e-07 0 0 1
Step 718 0.718 0.001 1 8.40263e-07 0 0 1
Step 719 0.719 0.001 1 6.24348e-08 0 0 1
Step 720 0.72 0.001 1 1.22227e-07 0 0 1
Step 721 0.721 0.001 1 1.3056e-07 0 0 1
Step 722 0.722 0.001 1 2.48616e-07 0 0 1
Step 723 0.723 0.001 1 4.90202e-08 0 0 1
Step 724 0.724 0.001 1 2.65416e-07 0 0 1
Step 725 0.725 0.001 1 4.99179e-07 0 0 1
Step 726 0.726 0.001 1 4.57921e-07 0 0 1
Step 727 0.727 0.001 1 4.29586e-07 0 0 1
Step 728 0.728 0.001 1 3.4907e-07 0 0 1
Step 729 0.729 0.001 1 5.9399e-07 0 0 1
Step 730 0.73 0.001 1 5.39209e-07 0 0 1
Step 731 0.731 0.001 1 3.45594e-07 0 0 1
Step 732 0.732 0.001 1 4.021e-07 0 0 1
Step 733 0.733 0.001 1 6.7677e-07 0 0 1
Step 734 0.734 0.001 1 5.20341e-07 0 0 1
Step 735 0.735 0.001 1 5.40966e-08 0 0 1
Step 736 0.736 0.001 1 3.28177e-07 0 0 1
Step 737 0.737 0.001 1 4.84264e-07 0 0 1
Step 738 0.738 0.001 1 4.91372e-07 0 0 1
Step 739 0.739 0.001 1 2.02858e-07 0 0 1
Step 740 0.74 0.001 1 6.19238e-07 0 0 1
Step 741 0.741 0.001 1 7.38255e-08 0 0 1
Step 742 0.742 0.001 1 2.60729e-07 0 0 1
Step 743 0.743 0.001 1 2.11973e-07 0 0 1
Step 744 0.744 0.001 1 1.72988e-07 0 0 1
Step 745 0.745 0.001 1 1.51885e-07 0 0 1
Step 746 0.746 0.001 1 1.95941e-07 0 0 1
Step 747 0.747 0.001 1 5.42326e-07 0 0 1
Step 748 0.748 0.001 1 8.98527e-08 0 0 1
Step 749 0.749 0.001 1 7.21341e-08 0 0 1
Step 750 0.75 0.001 1 4.41745e-07 0 0 1
Step 751 0.751 0.001 1 3.99703e-07 0 0 1
Step 752 0.752 0.001 1 1.04353e-07 0 0 1
Step 753 0.753 0.001 1 8.70146e-07 0 0 1
Step 754 0.754 0.001 1 2.47394e-08 0 0 1
Step 755 0.755 0.001 1 8.62926e-08 0 0 1
Step 756 0.756 0.001 1 6.51885e-07 0 0 1
Step 757 0.757 0.001 1 3.39323e-07 0 0 1
Step 758 0.758 0.001 1 3.73744e-07 0 0 1
Step 759 0.759 0.001 1 3.19301e-07 0 0 1
Step 760 0.76 0.001 1 1.34314e-07 0 0 1
Step 761 0.761 0.001 1 6.19164e-07 0 0 1
Step 762 0.762 0.001 1 7.63825e-07 0 0 1
Step 763 0.763 0.001 1 7.078e-07 0 0 1
Step 764 0.764 0.001 1 4.7999e-07 0 0 1
Step 765 0.765 0.001 1 5.37093e-07 0 0 1
Step 766 0.766 0.001 1 3.546e-07 0 0 1
Step 767 0.767 0.001 1 4.94789e-08 0 0 1
Step 768 0.768 0.001 1 4.00522e-07 0 0 1
Step 769 0.769 0.001 1 4.81923e-07 0 0 1
Step 770 0.77 0.001 1 2.70021e-07 0 0 1
Step 771 0.771 0.001 1 2.72311e-07 0 0 1
Step 772 0.772 0.001 1 6.43007e-07 0 0 1
Step 773 0.773 0.001 1 5.86481e-07 0 0 1
Step 774 0.774 0.001 1 1.93429e-07 0 0 1
Step 775 0.775 0.001 1 6.90755e-07 0 0 1
Step 776 0.776 0.001 1 4.44718e-07 0 0 1
Step 777 0.777 0.001 1 6.381e-07 0 0 1
Step 778 0.778 0.001 1 5.49524e-07 0 0 1
Step 779 0.779 0.001 1 1.22858e-07 0 0 1
Step 780 0.78 0.001 1 3.54105e-07 0 0 1
Step 781 0.781 0.001 1 4.31475e-07 0 0 1
Step 782 0.782 0.001 1 1.60921e-07 0 0 1
Step 783 0.783 0.001 1 1.2014e-07 0 0 1
Step 784 0.784 0.001 1 5.22864e-07 0 0 1
Step 785 0.785 0.001 1 3.26434e-07 0 0 1
Step 786 0.786 0.001 1 7.19141e-08 0 0 1
Step 787 0.787 0.001 1 1.82754e-07 0 0 1
Step 788 0.788 0.001 1 4.24674e-07 0 0 1
Step 789 0.789 0.001 1 2.55927e-07 0 0 1
Step 790 0.79 0.001 1 6.25612e-08 0 0 1
Step 791 0.791 0.001 1 5.42532e-07 0 0 1
Step 792 0.792 0.001 1 9.19422e-07 0 0 1
Step 793 0.793 0.001 1 2.09312e-07 0 0 1
Step 794 0.794 0.001 1 4.19326e-07 0 0 1
Step 795 0.795 0.001 1 3.6177e-07 0 0 1
Step 796 0.796 0.001 1 1.66432e-07 0 0 1
Step 797 0.797 0.001 1 1.09658e-07 0 0 1
Step 798 0.798 0.001 1 7.82331e-08 0 0 1
Step 799 0.799 0.001 1 2.57583e-07 0 0 1
Step 800 0.8 0.001 1 3.60754e-07 0 0 1
Step 801 0.801 0.001 1 7.20178e-07 0 0 1
Step 802 0.802 0.001 1 2.97192e-07 0 0 1
Step 803 0.803 0.001 1 3.02118e-07 0 0 1
Step 804 0.804 0.001 1 3.56418e-07 0 0 1
Step 805 0.805 0.001 1 3.53946e-07 0 0 1
Step 806 0.806 0.001 1 1.74514e-07 0 0 1
Step 807 0.807 0.001 1 1.12011e-07 0 0 1
Step 808 0.808 0.001 1 9.01874e-08 0 0 1
Step 809 0.809 0.001 1 8.32943e-07 0 0 1
Step 810 0.81 0.001 1 8.3426e-07 0 0 1
Step 811 0.811 0.001 1 2.00375e-07 0 0 1
Step 812 0.812 0.001 1 1.31653e-07 0 0 1
Step 813 0.813 0.001 1 6.95494e-07 0 0 1
Step 814 0.814 0.001 1 1.69886e-07 0 0 1
Step 815 0.815 0.001 1 1.12255e-07 0 0 1
Step 816 0.816 0.001 1 6.20575e-08 0 0 1
Step 817 0.817 0.001 1 2.63753e-07 0 0 1
Step 818 0.818 0.001 1 2.24026e-07 0 0 1
Step 819 0.819 0.001 1 4.64226e-07 0 0 1
Step 820 0.82 0.001 1 3.71098e-07 0 0 1
Step 821 0.821 0.001 1 3.60477e-07 0 0 1
Step 822 0.822 0.001 1 3.04084e-07 0 0 1
Step 823 0.823 0.001 1 9.23972e-08 0 0 1
Step 824 0.824 0.001 1 4.85836e-07 0 0 1
Step 825 0.825 0.001 1 1.54287e-07 0 0 1
Step 826 0.826 0.001 1 7.37634e-07 0 0 1
Step 827 0.827 0.001 1 2.10881e-07 0 0 1
Step 828 0.828 0.001 1 5.93372e-07 0 0 1
Step 829 0.829 0.001 1 5.9252e-07 0 0 1
Step 830 0.83 0.001 1 2.25566e-07 0 0 1
Step 831 0.831 0.001 1 1.09103e-07 0 0 1
Step 832 0.832 0.001 1 4.47739e-07 0 0 1
Step 833 0.833 0.001 1 1.94008e-07 0 0 1
Step 834 0.834 0.001 1 8.85764e-07 0 0 1
Step 835 0.835 0.001 1 2.08038e-08 0 0 1
Step 836 0.836 0.001 1 4.86187e-08 0 0 1
Step 837 0.837 0.001 1 4.21224e-07 0 0 1
Step 838 0.838 0.001 1 1.51841e-07 0 0 1
Step 839 0.839 0.001 1 4.42395e-07 0 0 1
Step 840 0.84 0.001 1 3.5192e-07 0 0 1
Step 841 0.841 0.001 1 2.98395e-07 0 0 1
Step 842 0.842 0.001 1 1.90826e-07 0 0 1
Step 843 0.843 0.001 1 4.98043e-07 0 0 1
Step 844 0.844 0.001 1 9.96319e-07 0 0 1
Step 845 0.845 0.001 1 1.63486e-07 0 0 1
Step 846 0.846 0.001 1 3.5004e-07 0 0 1
Step 847 0.847 0.001 1 2.38206e-07 0 0 1
Step 848 0.848 0.001 1 5.83242e-07 0 0 1
Step 849 0.849 0.001 1 2.74052e-07 0 0 1
Step 850 0.85 0.001 1 7.4193e-07 0 0 1
Step 851 0.851 0.001 1 4.21169e-07 0 0 1
Step 852 0.852 0.001 1 7.48136e-07 0 0 1
Step 853 0.853 0.001 1 3.75964e-07 0 0 1
Step 854 0.854 0.001 1 3.1881e-07 0 0 1
Step 855 0.855 0.001 1 5.1771e-07 0 0 1
Step 856 0.856 0.001 1 6.23169e-07 0 0 1
Step 857 0.857 0.001 1 2.05163e-07 0 0 1
Step 858 0.858 0.001 1 1.20163e-07 0 0 1
Step 859 0.859 0.001 1 3.01587e-07 0 0 1
Step 860 0.86 0.001 1 1.18999e-07 0 0 1
Step 861 0.861 0.001 1 1.57244e-07 0 0 1
Step 862 0.862 0.001 1 6.26983e-07 0 0 1
Step 863 0.863 0.001 1 4.57156e-07 0 0 1
Step 864 0.864 0.001 1 1.36985e-07 0 0 1
Step 865 0.865 0.001 1 1.76278e-07 0 0 1
Step 866 0.866 0.001 1 5.3419e-07 0 0 1
Step 867 0.867 0.001 1 2.57231e-07 0 0 1
Step 868 0.868 0.001 1 3.23938e-08 0 0 1
Step 869 0.869 0.001 1 3.89338e-07 0 0 1
Step 870 0.87 0.001 1 4.46574e-07 0 0 1
Step 871 0.871 0.001 1 7.52434e-07 0 0 1
Step 872 0.872 0.001 1 7.67579e-08 0 0 1
Step 873 0.873 0.001 1 3.09142e-07 0 0 1
Step 874 0.874 0.001 1 5.44077e-07 0 0 1
Step 875 0.875 0.001 1 3.21224e-07 0 0 1
Step 876 0.876 0.001 1 1.69599e-07 0 0 1
Step 877 0.877 0.001 1 5.46372e-07 0 0 1
Step 878 0.878 0.001 1 3.76432e-07 0 0 1
Step 879 0.879 0.001 1 1.8325e-07 0 0 1
Step 880 0.88 0.001 1 2.56195e-07 0 0 1
Step 881 0.881 0.001 1 3.04072e-07 0 0 1
Step 882 0.882 0.001 1 8.03159e-08 0 0 1
Step 883 0.883 0.001 1 1.07076e-07 0 0 1
Step 884 0.884 0.001 1 2.31652e-07 0 0 1
Step 885 0.885 0.001 1 1.12086e-07 0 0 1
Step 886 0.886 0.001 1 3.49841e-07 0 0 1
Step 887 0.887 0.001 1 3.09629e-07 0 0 1
Step 888 0.888 0.001 1 6.5692e-08 0 0 1
Step 889 0.889 0.001 1 3.14364e-07 0 0 1
Step 890 0.89 0.001 1 3.96085e-07 0 0 1
Step 891 0.891 0.001 1 1.09677e-07 0 0 1
Step 892 0.892 0.001 1 9.16987e-08 0 0 1
Step 893 0.893 0.001 1 3.01542e-07 0 0 1
Step 894 0.894 0.001 1 3.98472e-07 0 0 1
Step 895 0.895 0.001 1 1.3626e-07 0 0 1
Step 896 0.896 0.001 1 3.77274e-07 0 0 1
Step 897 0.897 0.001 1 1.44251e-07 0 0 1
Step 898 0.898 0.001 1 1.7968e-07 0 0 1
Step 899 0.899 0.001 1 2.25097e-07 0 0 1
Step 900 0.9 0.001 1 7.0541e-08 0 0 1
Step 901 0.901 0.001 1 3.28861e-07 0 0 1
Step 902 0.902 0.001 1 3.83622e-07 0 0 1
Step 903 0.903 0.001 1 6.5843e-07 0 0 1
Step 904 0.904 0.001 1 4.46499e-07 0 0 1
Step 905 0.905 0.001 1 7.99046e-08 0 0 1
Step 906 0.906 0.001 1 3.36198e-07 0 0 1
Step 907 0.907 0.001 1 2.89095e-07 0 0 1
Step 908 0.908 0.001 1 4.13406e-07 0 0 1
Step 909 0.909 0.001 1 6.46597e-07 0 0 1
Step 910 0.91 0.001 1 1.73644e-07 0 0 1
Step 911 0.911 0.001 1 2.88374e-07 0 0 1
Step 912 0.912 0.001 1 3.39386e-07 0 0 1
Step 913 0.913 0.001 1 2.96892e-07 0 0 1
Step 914 0.914 0.001 1 5.95755e-07 0 0 1
Step 915 0.915 0.001 1 3.11521e-07 0 0 1
Step 916 0.916 0.001 1 7.41998e-07 0 0 1
Step 917 0.917 0.001 1 1.94963e-07 0 0 1
Step 918 0.918 0.001 1 4.98372e-07 0 0 1
Step 919 0.919 0.001 1 2.3982e-07 0 0 1
Step 920 0.92 0.001 1 2.94791e-07 0 0 1
Step 921 0.921 0.001 1 3.06029e-07 0 0 1
Step 922 0.922 0.001 1 6.15109e-07 0 0 1
Step 923 0.923 0.001 1 1.5392e-07 0 0 1
Step 924 0.924 0.001 1 1.24001e-07 0 0 1
Step 925 0.925 0.001 1 9.10205e-08 0 0 1
Step 926 0.926 0.001 1 2.41911e-07 0 0 1
Step 927 0.927 0.001 1 4.46227e-07 0 0 1
Step 928 0.928 0.001 1 4.4385e-07 0 0 1
Step 929 0.929 0.001 1 3.52431e-07 0 0 1
Step 930 0.93 0.001 1 7.33988e-07 0 0 1
Step 931 0.931 0.001 1 1.60276e-07 0 0 1
Step 932 0.932 0.001 1 3.46268e-07 0 0 1
Step 933 0.933 0.001 1 3.1071e-07 0 0 1
Step 934 0.934 0.001 1 6.05776e-08 0 0 1
Step 935 0.935 0.001 1 3.35679e-07 0 0 1
Step 936 0.936 0.001 1 4.00991e-07 0 0 1
Step 937 0.937 0.001 1 1.72485e-07 0 0 1
Step 938 0.938 0.001 1 4.41349e-07 0 0 1
Step 939 0.939 0.001 1 3.76405e-07 0 0 1
Step 940 0.94 0.001 1 3.10483e-07 0 0 1
Step 941 0.941 0.001 1 7.45679e-08 0 0 1
Step 942 0.942 0.001 1 5.28577e-07 0 0 1
Step 943 0.943 0.001 1 4.76597e-07 0 0 1
Step 944 0.944 0.001 1 4.0814e-07 0 0 1
Step 945 0.945 0.001 1 2.95498e-07 0 0 1
Step 946 0.946 0.001 1 1.3607e-07 0 0 1
Step 947 0.947 0.001 1 2.53683e-07 0 0 1
Step 948 0.948 0.001 1 1.10433e-07 0 0 1
Step 949 0.949 0.001 1 3.07427e-07 0 0 1
Step 950 0.95 0.001 1 1.0425e-07 0 0 1
Step 951 0.951 0.001 1 1.92926e-07 0 0 1
Step 952 0.952 0.001 1 5.0039e-07 0 0 1
Step 953 0.953 0.001 1 2.40965e-07 0 0 1
Step 954 0.954 0.001 1 2.15007e-08 0 0 1
Step 955 0.955 0.001 1 3.03886e-07 0 0 1
Step 956 0.956 0.001 1 3.01849e-07 0 0 1
Step 957 0.957 0.001 1 1.72997e-07 0 0 1
Step 958 0.958 0.001 1 2.07251e-07 0 0 1
Step 959 0.959 0.001 1 9.16079e-08 0 0 1
Step 960 0.96 0.001 1 8.58193e-08 0 0 1
Step 961 0.961 0.001 1 5.86519e-07 0 0 1
Step 962 0.962 0.001 1 8.4508e-07 0 0 1
Step 963 0.963 0.001 1 2.08118e-07 0 0 1
Step 964 0.964 0.001 1 1.35659e-07 0 0 1
Step 965 0.965 0.001 1 2.28417e-07 0 0 1
Step 966 0.966 0.001 1 1.9021e-07 0 0 1
Step 967 0.967 0.001 1 7.7461e-07 0 0 1
Step 968 0.968 0.001 1 5.45208e-07 0 0 1
Step 969 0.969 0.001 1 3.00786e-07 0 0 1
Step 970 0.97 0.001 1 7.63213e-08 0 0 1
Step 971 0.971 0.001 1 1.88994e-07 0 0 1
Step 972 0.972 0.001 1 1.79935e-07 0 0 1
Step 973 0.973 0.001 1 3.94284e-07 0 0 1
Step 974 0.974 0.001 1 2.70986e-07 0 0 1
Step 975 0.975 0.001 1 5.46629e-07 0 0 1
Step 976 0.976 0.001 1 5.14643e-07 0 0 1
Step 977 0.977 0.001 1 1.94641e-07 0 0 1
Step 978 0.978 0.001 1 2.15594e-07 0 0 1
Step 979 0.979 0.001 1 7.34487e-07 0 0 1
Step 980 0.98 0.001 1 2.01976e-07 0 0 1
Step 981 0.981 0.001 1 2.34647e-07 0 0 1
Step 982 0.982 0.001 1 1.87002e-07 0 0 1
Step 983 0.983 0.001 1 3.20469e-07 0 0 1
Step 984 0.984 0.001 1 2.22465e-07 0 0 1
Step 985 0.985 0.001 1 4.19126e-07 0 0 1
Step 986 0.986 0.001 1 1.66804e-07 0 0 1
Step 987 0.987 0.001 1 1.10353e-07 0 0 1
Step 988 0.988 0.001 1 2.62847e-07 0 0 1
Step 989 0.989 0.001 1 3.13362e-07 0 0 1
Step 990 0.99 0.001 1 5.83512e-08 0 0 1
Step 991 0.991 0.001 1 2.45702e-07 0 0 1
Step 992 0.992 0.001 1 6.73912e-07 0 0 1
Step 993 0.993 0.001 1 5.35664e-07 0 0 1
Step 994 0.994 0.001 1 8.85996e-08 0 0 1
Step 995 0.995 0.001 1 6.234e-07 0 0 1
Step 996 0.996 0.001 1 2.71583e-07 0 0 1
Step 997 0.997 0.001 1 5.23864e-07 0 0 1
Step 998 0.998 0.001 1 4.76347e-07 0 0 1
Step 999 0.999 0.001 1 2.70251e-07 0 0 1
Step 1000 1 0.001 1 5.14413e-07 0 0 1
